Task 1

1. Загрузите выборку из файла titanic.csv с помощью пакета Pandas.
2. Оставьте в выборке четыре признака: класс пассажира (Pclass), цену билета (Fare), возраст пассажира (Age) и его пол (Sex).
3. Обратите внимание, что признак Sex имеет строковые значения.
4. Выделите целевую переменную — она записана в столбце Survived.
5. В данных есть пропущенные значения — например, для некоторых пассажиров неизвестен их возраст. Такие записи при чтении их в pandas принимают значение nan. Найдите все объекты, у которых есть пропущенные признаки, и удалите их из выборки.
6. Обучите решающее дерево с параметром random_state=241 и остальными параметрами по умолчанию.
7. Вычислите важности признаков и найдите два признака с наибольшей важностью. Их названия будут ответами для данной задачи
(в качестве ответа укажите названия признаков через запятую без
пробелов).

Выберите задание (1 ... 7) : 
PassengerId
Survived
Pclass
Name
Sex
Age
SibSp
Parch
Ticket
Fare
Cabin
Embarked
Task 2
Выберите задание (1 ... 7) : 
     PassengerId  Survived  Pclass  ...     Fare Cabin  Embarked
0              1         0       3  ...   7.2500   NaN         S
1              2         1       1  ...  71.2833   C85         C
2              3         1       3  ...   7.9250   NaN         S
3              4         1       1  ...  53.1000  C123         S
4              5         0       3  ...   8.0500   NaN         S
..           ...       ...     ...  ...      ...   ...       ...
886          887         0       2  ...  13.0000   NaN         S
887          888         1       1  ...  30.0000   B42         S
888          889         0       3  ...  23.4500   NaN         S
889          890         1       1  ...  30.0000  C148         C
890          891         0       3  ...   7.7500   NaN         Q

[891 rows x 12 columns]
     Pclass     Fare   Age     Sex
0         3   7.2500  22.0    male
1         1  71.2833  38.0  female
2         3   7.9250  26.0  female
3         1  53.1000  35.0  female
4         3   8.0500  35.0    male
..      ...      ...   ...     ...
886       2  13.0000  27.0    male
887       1  30.0000  19.0  female
888       3  23.4500   NaN  female
889       1  30.0000  26.0    male
890       3   7.7500  32.0    male

[891 rows x 4 columns]
Task 3
Выберите задание (1 ... 7) : 
     PassengerId  Survived  Pclass  ...     Fare Cabin  Embarked
0              1         0       3  ...   7.2500   NaN         S
1              2         1       1  ...  71.2833   C85         C
2              3         1       3  ...   7.9250   NaN         S
3              4         1       1  ...  53.1000  C123         S
4              5         0       3  ...   8.0500   NaN         S
..           ...       ...     ...  ...      ...   ...       ...
886          887         0       2  ...  13.0000   NaN         S
887          888         1       1  ...  30.0000   B42         S
888          889         0       3  ...  23.4500   NaN         S
889          890         1       1  ...  30.0000  C148         C
890          891         0       3  ...   7.7500   NaN         Q

[891 rows x 12 columns]
     Pclass     Fare   Age  Sex
0         3   7.2500  22.0    1
1         1  71.2833  38.0    0
2         3   7.9250  26.0    0
3         1  53.1000  35.0    0
4         3   8.0500  35.0    1
..      ...      ...   ...  ...
885       3  29.1250  39.0    0
886       2  13.0000  27.0    1
887       1  30.0000  19.0    0
889       1  30.0000  26.0    1
890       3   7.7500  32.0    1

[714 rows x 4 columns]
Task 4
Выберите задание (1 ... 7) : 
     Pclass     Fare   Age  Sex
0         3   7.2500  22.0    1
1         1  71.2833  38.0    0
2         3   7.9250  26.0    0
3         1  53.1000  35.0    0
4         3   8.0500  35.0    1
..      ...      ...   ...  ...
885       3  29.1250  39.0    0
886       2  13.0000  27.0    1
887       1  30.0000  19.0    0
889       1  30.0000  26.0    1
890       3   7.7500  32.0    1

[714 rows x 4 columns]
     Survived
0           0
1           1
2           1
3           1
4           0
..        ...
885         0
886         0
887         1
889         1
890         0

[714 rows x 1 columns]
Task 5
Выберите задание (1 ... 7) : 
     PassengerId  Survived  Pclass  ...     Fare Cabin  Embarked
0              1         0       3  ...   7.2500   NaN         S
1              2         1       1  ...  71.2833   C85         C
2              3         1       3  ...   7.9250   NaN         S
3              4         1       1  ...  53.1000  C123         S
4              5         0       3  ...   8.0500   NaN         S
..           ...       ...     ...  ...      ...   ...       ...
886          887         0       2  ...  13.0000   NaN         S
887          888         1       1  ...  30.0000   B42         S
888          889         0       3  ...  23.4500   NaN         S
889          890         1       1  ...  30.0000  C148         C
890          891         0       3  ...   7.7500   NaN         Q

[891 rows x 12 columns]
     Pclass     Fare   Age     Sex
0         3   7.2500  22.0    male
1         1  71.2833  38.0  female
2         3   7.9250  26.0  female
3         1  53.1000  35.0  female
4         3   8.0500  35.0    male
..      ...      ...   ...     ...
885       3  29.1250  39.0  female
886       2  13.0000  27.0    male
887       1  30.0000  19.0  female
889       1  30.0000  26.0    male
890       3   7.7500  32.0    male

[714 rows x 4 columns]
Task 6
Выберите задание (1 ... 7) : 
DecisionTreeClassifier(ccp_alpha=0.0, class_weight=None, criterion='gini',
                       max_depth=None, max_features=None, max_leaf_nodes=None,
                       min_impurity_decrease=0.0, min_impurity_split=None,
                       min_samples_leaf=1, min_samples_split=2,
                       min_weight_fraction_leaf=0.0, presort='deprecated',
                       random_state=241, splitter='best')
Task 7
Выберите задание (1 ... 7) : 
Pclass    0.140005
Fare      0.303436
Age       0.256046
Sex       0.300512
dtype: float64
|--- feature_1 <= 3.00
|   |--- class: 0
|--- feature_1 >  3.00
|   |--- feature_1 <= 5.00
|   |   |--- class: 1
|   |--- feature_1 >  5.00
|   |   |--- class: 0

